<?xml version="1.0" encoding="UTF-8"?>
<!-- Generated by org.testng.reporters.JUnitXMLReporter -->
<testsuite ignored="0" hostname="DESKTOP-479UF7K" failures="1" tests="10" name="Test2_sequnetial" time="65.252" errors="0" timestamp="2025-08-03T23:38:16 IST">
  <testcase classname="tests.DdUserTest" name="testPostUser" time="1.682"/>
  <testcase classname="tests.DdUserTest" name="testPostUser" time="1.669"/>
  <testcase classname="tests.DdUserTest" name="testPostUser" time="1.623"/>
  <testcase classname="tests.DdUserTest" name="testDeleteUserByName" time="1.643"/>
  <testcase classname="tests.DdUserTest" name="testDeleteUserByName" time="1.719"/>
  <testcase classname="tests.DdUserTest" name="testDeleteUserByName" time="1.614"/>
  <testcase classname="tests.userTest2" name="testPostUser" time="1.716"/>
  <testcase classname="tests.userTest2" name="testGetUserByName" time="34.186">
    <failure type="java.lang.AssertionError" message="1 expectation failed.
Response body doesn&amp;apos;t match expectation.
Expected: The content to match the given JSON schema.
error: object has missing required properties ([&amp;quot;email&amp;quot;,&amp;quot;firstName&amp;quot;,&amp;quot;id&amp;quot;,&amp;quot;lastName&amp;quot;,&amp;quot;password&amp;quot;,&amp;quot;phone&amp;quot;,&amp;quot;userStatus&amp;quot;,&amp;quot;username&amp;quot;])
    level: &amp;quot;error&amp;quot;
    schema: {&amp;quot;loadingURI&amp;quot;:&amp;quot;file:/C:/Users/User/Documents/Kashish%20Workspace/target/test-classes/schemas/user_get_response_schema.json#&amp;quot;,&amp;quot;pointer&amp;quot;:&amp;quot;&amp;quot;}
    instance: {&amp;quot;pointer&amp;quot;:&amp;quot;&amp;quot;}
    domain: &amp;quot;validation&amp;quot;
    keyword: &amp;quot;required&amp;quot;
    required: [&amp;quot;email&amp;quot;,&amp;quot;firstName&amp;quot;,&amp;quot;id&amp;quot;,&amp;quot;lastName&amp;quot;,&amp;quot;password&amp;quot;,&amp;quot;phone&amp;quot;,&amp;quot;userStatus&amp;quot;,&amp;quot;username&amp;quot;]
    missing: [&amp;quot;email&amp;quot;,&amp;quot;firstName&amp;quot;,&amp;quot;id&amp;quot;,&amp;quot;lastName&amp;quot;,&amp;quot;password&amp;quot;,&amp;quot;phone&amp;quot;,&amp;quot;userStatus&amp;quot;,&amp;quot;username&amp;quot;]

  Actual: {&amp;quot;code&amp;quot;:1,&amp;quot;type&amp;quot;:&amp;quot;error&amp;quot;,&amp;quot;message&amp;quot;:&amp;quot;User not found&amp;quot;}
">
      <![CDATA[java.lang.AssertionError: 1 expectation failed.
Response body doesn't match expectation.
Expected: The content to match the given JSON schema.
error: object has missing required properties (["email","firstName","id","lastName","password","phone","userStatus","username"])
    level: "error"
    schema: {"loadingURI":"file:/C:/Users/User/Documents/Kashish%20Workspace/target/test-classes/schemas/user_get_response_schema.json#","pointer":""}
    instance: {"pointer":""}
    domain: "validation"
    keyword: "required"
    required: ["email","firstName","id","lastName","password","phone","userStatus","username"]
    missing: ["email","firstName","id","lastName","password","phone","userStatus","username"]

  Actual: {"code":1,"type":"error","message":"User not found"}

at org.codehaus.groovy.runtime.callsite.ConstructorSite$ConstructorSiteNoUnwrapNoCoerce.callConstructor(ConstructorSite.java:108)
at org.codehaus.groovy.runtime.callsite.CallSiteArray.defaultCallConstructor(CallSiteArray.java:57)
at org.codehaus.groovy.runtime.callsite.AbstractCallSite.callConstructor(AbstractCallSite.java:263)
at org.codehaus.groovy.runtime.callsite.AbstractCallSite.callConstructor(AbstractCallSite.java:277)
at io.restassured.internal.ResponseSpecificationImpl$HamcrestAssertionClosure.validate(ResponseSpecificationImpl.groovy:512)
at io.restassured.internal.ResponseSpecificationImpl$HamcrestAssertionClosure$validate$4.call(Unknown Source)
at io.restassured.internal.ResponseSpecificationImpl.validateResponseIfRequired(ResponseSpecificationImpl.groovy:696)
at io.restassured.internal.ResponseSpecificationImpl.this$2$validateResponseIfRequired(ResponseSpecificationImpl.groovy)
at org.codehaus.groovy.runtime.callsite.PlainObjectMetaMethodSite.doInvoke(PlainObjectMetaMethodSite.java:43)
at org.codehaus.groovy.runtime.callsite.PogoMetaMethodSite$PogoCachedMethodSiteNoUnwrapNoCoerce.invoke(PogoMetaMethodSite.java:198)
at org.codehaus.groovy.runtime.callsite.PogoMetaMethodSite.callCurrent(PogoMetaMethodSite.java:62)
at org.codehaus.groovy.runtime.callsite.AbstractCallSite.callCurrent(AbstractCallSite.java:185)
at io.restassured.internal.ResponseSpecificationImpl.body(ResponseSpecificationImpl.groovy:107)
at io.restassured.internal.ValidatableResponseOptionsImpl.body(ValidatableResponseOptionsImpl.java:238)
at tests.userTest2.testGetUserByName(userTest2.java:63)
at java.base/java.util.ArrayList.forEach(ArrayList.java:1596)
... Removed 31 stack frames]]>
    </failure>
  </testcase> <!-- testGetUserByName -->
  <testcase classname="tests.userTest2" name="testUpdateUserByName" time="3.278"/>
  <testcase classname="tests.userTest2" name="testDeleteUserByName" time="15.956"/>
</testsuite> <!-- Test2_sequnetial -->
